[02:35:56] [ServerMain/INFO]: Environment: Environment[accountsHost=https://api.mojang.com, sessionHost=https://sessionserver.mojang.com, servicesHost=https://api.minecraftservices.com, name=PROD]
[02:35:57] [ServerMain/INFO]: Loaded 7 recipes
[02:35:58] [Server thread/INFO]: Starting minecraft server version 1.20.2
[02:35:58] [Server thread/INFO]: Loading properties
[02:35:58] [Server thread/INFO]: This server is running CraftBukkit version 3925-Spigot-dba3cdc-5a72c3c (MC: 1.20.2) (Implementing API version 1.20.2-R0.1-SNAPSHOT)
[02:35:58] [Server thread/INFO]: Debug logging is disabled
[02:35:58] [Server thread/INFO]: Server Ping Player Sample Count: 12
[02:35:58] [Server thread/INFO]: Using 4 threads for Netty based IO
[02:35:58] [Server thread/INFO]: Default game type: SURVIVAL
[02:35:58] [Server thread/INFO]: Generating keypair
[02:35:58] [Server thread/INFO]: Starting Minecraft server on *:25565
[02:35:58] [Server thread/INFO]: Using default channel type
[02:35:58] [Server thread/INFO]: [Dissolved] Loading Dissolved v1.0.0-SNAPSHOT
[02:35:58] [Attach Listener/INFO]: Dissolved JavaAgent Installed!
[02:35:58] [Server thread/INFO]: [DissolvedTest] Loading DissolvedTest v1.0.0-SNAPSHOT
[02:35:58] [Server thread/INFO]: [Dissolved] Enabling Dissolved v1.0.0-SNAPSHOT
[02:35:58] [Server thread/INFO]: [Dissolved] Current CraftServer.getName(): CraftBukkit
[02:35:58] [Server thread/WARN]: **** SERVER IS RUNNING IN OFFLINE/INSECURE MODE!
[02:35:58] [Server thread/WARN]: The server will make no attempt to authenticate usernames. Beware.
[02:35:58] [Server thread/WARN]: While this makes the game possible to play without internet access, it also opens up the ability for hackers to connect with any username they choose.
[02:35:58] [Server thread/WARN]: To change this, set "online-mode" to "true" in the server.properties file.
[02:35:58] [Server thread/INFO]: Preparing level "world"
[02:35:58] [Server thread/INFO]: -------- World Settings For [world] --------
[02:35:58] [Server thread/INFO]: Experience Merge Radius: 3.0
[02:35:58] [Server thread/INFO]: Mob Spawn Range: 6
[02:35:58] [Server thread/INFO]: Cactus Growth Modifier: 100%
[02:35:58] [Server thread/INFO]: Cane Growth Modifier: 100%
[02:35:58] [Server thread/INFO]: Melon Growth Modifier: 100%
[02:35:58] [Server thread/INFO]: Mushroom Growth Modifier: 100%
[02:35:58] [Server thread/INFO]: Pumpkin Growth Modifier: 100%
[02:35:58] [Server thread/INFO]: Sapling Growth Modifier: 100%
[02:35:58] [Server thread/INFO]: Beetroot Growth Modifier: 100%
[02:35:58] [Server thread/INFO]: Carrot Growth Modifier: 100%
[02:35:58] [Server thread/INFO]: Potato Growth Modifier: 100%
[02:35:58] [Server thread/INFO]: Wheat Growth Modifier: 100%
[02:35:58] [Server thread/INFO]: NetherWart Growth Modifier: 100%
[02:35:58] [Server thread/INFO]: Vine Growth Modifier: 100%
[02:35:58] [Server thread/INFO]: Cocoa Growth Modifier: 100%
[02:35:58] [Server thread/INFO]: Bamboo Growth Modifier: 100%
[02:35:58] [Server thread/INFO]: SweetBerry Growth Modifier: 100%
[02:35:58] [Server thread/INFO]: Kelp Growth Modifier: 100%
[02:35:58] [Server thread/INFO]: TwistingVines Growth Modifier: 100%
[02:35:58] [Server thread/INFO]: WeepingVines Growth Modifier: 100%
[02:35:58] [Server thread/INFO]: CaveVines Growth Modifier: 100%
[02:35:58] [Server thread/INFO]: Hopper Transfer: 8 Hopper Check: 1 Hopper Amount: 1 Hopper Can Load Chunks: false
[02:35:58] [Server thread/INFO]: Entity Activation Range: An 32 / Mo 32 / Ra 48 / Mi 16 / Tiv true / Isa false
[02:35:58] [Server thread/INFO]: Entity Tracking Range: Pl 48 / An 48 / Mo 48 / Mi 32 / Di 128 / Other 64
[02:35:58] [Server thread/INFO]: Custom Map Seeds:  Village: 10387312 Desert: 14357617 Igloo: 14357618 Jungle: 14357619 Swamp: 14357620 Monument: 10387313 Ocean: 14357621 Shipwreck: 165745295 End City: 10387313 Slime: 987234911 Nether: 30084232 Mansion: 10387319 Fossil: 14357921 Portal: 34222645
[02:35:58] [Server thread/INFO]: Max TNT Explosions: 100
[02:35:58] [Server thread/INFO]: Tile Max Tick Time: 50ms Entity max Tick Time: 50ms
[02:35:58] [Server thread/INFO]: Allow Zombie Pigmen to spawn from portal blocks: true
[02:35:58] [Server thread/INFO]: Nerfing mobs spawned from spawners: false
[02:35:58] [Server thread/INFO]: Item Merge Radius: 2.5
[02:35:58] [Server thread/INFO]: Item Despawn Rate: 6000
[02:35:58] [Server thread/INFO]: Simulation Distance: 10
[02:35:58] [Server thread/INFO]: View Distance: 10
[02:35:58] [Server thread/INFO]: Arrow Despawn Rate: 1200 Trident Respawn Rate:1200
[02:35:58] [Server thread/INFO]: Zombie Aggressive Towards Villager: true
[02:35:59] [Server thread/INFO]: -------- World Settings For [world_nether] --------
[02:35:59] [Server thread/INFO]: Experience Merge Radius: 3.0
[02:35:59] [Server thread/INFO]: Mob Spawn Range: 6
[02:35:59] [Server thread/INFO]: Cactus Growth Modifier: 100%
[02:35:59] [Server thread/INFO]: Cane Growth Modifier: 100%
[02:35:59] [Server thread/INFO]: Melon Growth Modifier: 100%
[02:35:59] [Server thread/INFO]: Mushroom Growth Modifier: 100%
[02:35:59] [Server thread/INFO]: Pumpkin Growth Modifier: 100%
[02:35:59] [Server thread/INFO]: Sapling Growth Modifier: 100%
[02:35:59] [Server thread/INFO]: Beetroot Growth Modifier: 100%
[02:35:59] [Server thread/INFO]: Carrot Growth Modifier: 100%
[02:35:59] [Server thread/INFO]: Potato Growth Modifier: 100%
[02:35:59] [Server thread/INFO]: Wheat Growth Modifier: 100%
[02:35:59] [Server thread/INFO]: NetherWart Growth Modifier: 100%
[02:35:59] [Server thread/INFO]: Vine Growth Modifier: 100%
[02:35:59] [Server thread/INFO]: Cocoa Growth Modifier: 100%
[02:35:59] [Server thread/INFO]: Bamboo Growth Modifier: 100%
[02:35:59] [Server thread/INFO]: SweetBerry Growth Modifier: 100%
[02:35:59] [Server thread/INFO]: Kelp Growth Modifier: 100%
[02:35:59] [Server thread/INFO]: TwistingVines Growth Modifier: 100%
[02:35:59] [Server thread/INFO]: WeepingVines Growth Modifier: 100%
[02:35:59] [Server thread/INFO]: CaveVines Growth Modifier: 100%
[02:35:59] [Server thread/INFO]: Hopper Transfer: 8 Hopper Check: 1 Hopper Amount: 1 Hopper Can Load Chunks: false
[02:35:59] [Server thread/INFO]: Entity Activation Range: An 32 / Mo 32 / Ra 48 / Mi 16 / Tiv true / Isa false
[02:35:59] [Server thread/INFO]: Entity Tracking Range: Pl 48 / An 48 / Mo 48 / Mi 32 / Di 128 / Other 64
[02:35:59] [Server thread/INFO]: Custom Map Seeds:  Village: 10387312 Desert: 14357617 Igloo: 14357618 Jungle: 14357619 Swamp: 14357620 Monument: 10387313 Ocean: 14357621 Shipwreck: 165745295 End City: 10387313 Slime: 987234911 Nether: 30084232 Mansion: 10387319 Fossil: 14357921 Portal: 34222645
[02:35:59] [Server thread/INFO]: Max TNT Explosions: 100
[02:35:59] [Server thread/INFO]: Tile Max Tick Time: 50ms Entity max Tick Time: 50ms
[02:35:59] [Server thread/INFO]: Allow Zombie Pigmen to spawn from portal blocks: true
[02:35:59] [Server thread/INFO]: Nerfing mobs spawned from spawners: false
[02:35:59] [Server thread/INFO]: Item Merge Radius: 2.5
[02:35:59] [Server thread/INFO]: Item Despawn Rate: 6000
[02:35:59] [Server thread/INFO]: Simulation Distance: 10
[02:35:59] [Server thread/INFO]: View Distance: 10
[02:35:59] [Server thread/INFO]: Arrow Despawn Rate: 1200 Trident Respawn Rate:1200
[02:35:59] [Server thread/INFO]: Zombie Aggressive Towards Villager: true
[02:35:59] [Server thread/INFO]: -------- World Settings For [world_the_end] --------
[02:35:59] [Server thread/INFO]: Experience Merge Radius: 3.0
[02:35:59] [Server thread/INFO]: Mob Spawn Range: 6
[02:35:59] [Server thread/INFO]: Cactus Growth Modifier: 100%
[02:35:59] [Server thread/INFO]: Cane Growth Modifier: 100%
[02:35:59] [Server thread/INFO]: Melon Growth Modifier: 100%
[02:35:59] [Server thread/INFO]: Mushroom Growth Modifier: 100%
[02:35:59] [Server thread/INFO]: Pumpkin Growth Modifier: 100%
[02:35:59] [Server thread/INFO]: Sapling Growth Modifier: 100%
[02:35:59] [Server thread/INFO]: Beetroot Growth Modifier: 100%
[02:35:59] [Server thread/INFO]: Carrot Growth Modifier: 100%
[02:35:59] [Server thread/INFO]: Potato Growth Modifier: 100%
[02:35:59] [Server thread/INFO]: Wheat Growth Modifier: 100%
[02:35:59] [Server thread/INFO]: NetherWart Growth Modifier: 100%
[02:35:59] [Server thread/INFO]: Vine Growth Modifier: 100%
[02:35:59] [Server thread/INFO]: Cocoa Growth Modifier: 100%
[02:35:59] [Server thread/INFO]: Bamboo Growth Modifier: 100%
[02:35:59] [Server thread/INFO]: SweetBerry Growth Modifier: 100%
[02:35:59] [Server thread/INFO]: Kelp Growth Modifier: 100%
[02:35:59] [Server thread/INFO]: TwistingVines Growth Modifier: 100%
[02:35:59] [Server thread/INFO]: WeepingVines Growth Modifier: 100%
[02:35:59] [Server thread/INFO]: CaveVines Growth Modifier: 100%
[02:35:59] [Server thread/INFO]: Hopper Transfer: 8 Hopper Check: 1 Hopper Amount: 1 Hopper Can Load Chunks: false
[02:35:59] [Server thread/INFO]: Entity Activation Range: An 32 / Mo 32 / Ra 48 / Mi 16 / Tiv true / Isa false
[02:35:59] [Server thread/INFO]: Entity Tracking Range: Pl 48 / An 48 / Mo 48 / Mi 32 / Di 128 / Other 64
[02:35:59] [Server thread/INFO]: Custom Map Seeds:  Village: 10387312 Desert: 14357617 Igloo: 14357618 Jungle: 14357619 Swamp: 14357620 Monument: 10387313 Ocean: 14357621 Shipwreck: 165745295 End City: 10387313 Slime: 987234911 Nether: 30084232 Mansion: 10387319 Fossil: 14357921 Portal: 34222645
[02:35:59] [Server thread/INFO]: Max TNT Explosions: 100
[02:35:59] [Server thread/INFO]: Tile Max Tick Time: 50ms Entity max Tick Time: 50ms
[02:35:59] [Server thread/INFO]: Allow Zombie Pigmen to spawn from portal blocks: true
[02:35:59] [Server thread/INFO]: Nerfing mobs spawned from spawners: false
[02:35:59] [Server thread/INFO]: Item Merge Radius: 2.5
[02:35:59] [Server thread/INFO]: Item Despawn Rate: 6000
[02:35:59] [Server thread/INFO]: Simulation Distance: 10
[02:35:59] [Server thread/INFO]: View Distance: 10
[02:35:59] [Server thread/INFO]: Arrow Despawn Rate: 1200 Trident Respawn Rate:1200
[02:35:59] [Server thread/INFO]: Zombie Aggressive Towards Villager: true
[02:35:59] [Server thread/INFO]: Preparing start region for dimension minecraft:overworld
[02:36:00] [Worker-Main-3/INFO]: Preparing spawn area: 0%
[02:36:00] [Worker-Main-16/INFO]: Preparing spawn area: 0%
[02:36:00] [Worker-Main-19/INFO]: Preparing spawn area: 0%
[02:36:00] [Worker-Main-19/INFO]: Preparing spawn area: 0%
[02:36:01] [Server thread/INFO]: Time elapsed: 1986 ms
[02:36:01] [Server thread/INFO]: Preparing start region for dimension minecraft:the_nether
[02:36:02] [Worker-Main-4/INFO]: Preparing spawn area: 0%
[02:36:02] [Worker-Main-13/INFO]: Preparing spawn area: 0%
[02:36:02] [Worker-Main-1/INFO]: Preparing spawn area: 0%
[02:36:02] [Server thread/INFO]: Time elapsed: 1461 ms
[02:36:02] [Server thread/INFO]: Preparing start region for dimension minecraft:the_end
[02:36:03] [Worker-Main-16/INFO]: Preparing spawn area: 0%
[02:36:03] [Worker-Main-16/INFO]: Preparing spawn area: 0%
[02:36:03] [Worker-Main-1/INFO]: Preparing spawn area: 49%
[02:36:04] [Server thread/INFO]: Time elapsed: 1148 ms
[02:36:04] [Server thread/INFO]: [DissolvedTest] Enabling DissolvedTest v1.0.0-SNAPSHOT
[02:36:04] [Server thread/INFO]: 1.20.2-R0.1-SNAPSHOT
[02:36:04] [Server thread/INFO]: Server permissions file permissions.yml is empty, ignoring it
[02:36:04] [Server thread/INFO]: Done (5.738s)! For help, type "help"
[02:36:04] [Server thread/INFO]: Stopping server
[02:36:04] [Server thread/INFO]: [DissolvedTest] Disabling DissolvedTest v1.0.0-SNAPSHOT
[02:36:04] [Server thread/INFO]: [Dissolved] Disabling Dissolved v1.0.0-SNAPSHOT
[02:36:04] [Server thread/INFO]: Saving players
[02:36:04] [Server thread/INFO]: Saving worlds
[02:36:06] [Server thread/INFO]: Saving chunks for level 'ServerLevel[world]'/minecraft:overworld
[02:36:06] [Server thread/INFO]: Saving chunks for level 'ServerLevel[world_nether]'/minecraft:the_nether
[02:36:07] [Server thread/INFO]: Saving chunks for level 'ServerLevel[world_the_end]'/minecraft:the_end
[02:36:07] [Server thread/INFO]: ThreadedAnvilChunkStorage (world): All chunks are saved
[02:36:07] [Server thread/INFO]: ThreadedAnvilChunkStorage (DIM-1): All chunks are saved
[02:36:07] [Server thread/INFO]: ThreadedAnvilChunkStorage (DIM1): All chunks are saved
[02:36:07] [Server thread/INFO]: ThreadedAnvilChunkStorage: All dimensions are saved
[02:36:07] [Server thread/INFO]: Restarting server
[02:36:11] [DissolvedServerMain/INFO]: Environment: Environment[accountsHost=https://api.mojang.com, sessionHost=https://sessionserver.mojang.com, servicesHost=https://api.minecraftservices.com, name=PROD]
[02:36:12] [DissolvedServerMain/INFO]: Loaded 7 recipes
[02:36:12] [Server thread/INFO]: Starting minecraft server version 1.20.2
[02:36:12] [Server thread/INFO]: Loading properties
[02:36:13] [Server thread/INFO]: This server is running Dissolved(CraftBukkit) version null (MC: 1.20.2) (Implementing API version 1.20.2-R0.1-SNAPSHOT, DissolvedTest Enabled.)
[02:36:13] [Server thread/INFO]: Successfully injected CraftServer.
[02:36:13] [Server thread/INFO]: Debug logging is disabled
[02:36:13] [Server thread/INFO]: Server Ping Player Sample Count: 12
[02:36:13] [Server thread/INFO]: Using 4 threads for Netty based IO
[02:36:13] [Server thread/INFO]: Default game type: SURVIVAL
[02:36:13] [Server thread/INFO]: Generating keypair
[02:36:13] [Server thread/INFO]: Starting Minecraft server on *:25565
[02:36:13] [Server thread/INFO]: Using default channel type
[02:36:13] [Server thread/INFO]: [Dissolved] Loading Dissolved v1.0.0-SNAPSHOT
[02:36:13] [Server thread/INFO]: [DissolvedTest] Loading DissolvedTest v1.0.0-SNAPSHOT
[02:36:13] [Server thread/INFO]: [Dissolved] Enabling Dissolved v1.0.0-SNAPSHOT
[02:36:13] [Server thread/INFO]: [Dissolved] Current CraftServer.getName(): Dissolved(CraftBukkit)
[02:36:13] [Server thread/WARN]: **** SERVER IS RUNNING IN OFFLINE/INSECURE MODE!
[02:36:13] [Server thread/WARN]: The server will make no attempt to authenticate usernames. Beware.
[02:36:13] [Server thread/WARN]: While this makes the game possible to play without internet access, it also opens up the ability for hackers to connect with any username they choose.
[02:36:13] [Server thread/WARN]: To change this, set "online-mode" to "true" in the server.properties file.
[02:36:13] [Server thread/INFO]: Preparing level "world"
[02:36:13] [Server thread/INFO]: -------- World Settings For [world] --------
[02:36:13] [Server thread/INFO]: Experience Merge Radius: 3.0
[02:36:13] [Server thread/INFO]: Mob Spawn Range: 6
[02:36:13] [Server thread/INFO]: Cactus Growth Modifier: 100%
[02:36:13] [Server thread/INFO]: Cane Growth Modifier: 100%
[02:36:13] [Server thread/INFO]: Melon Growth Modifier: 100%
[02:36:13] [Server thread/INFO]: Mushroom Growth Modifier: 100%
[02:36:13] [Server thread/INFO]: Pumpkin Growth Modifier: 100%
[02:36:13] [Server thread/INFO]: Sapling Growth Modifier: 100%
[02:36:13] [Server thread/INFO]: Beetroot Growth Modifier: 100%
[02:36:13] [Server thread/INFO]: Carrot Growth Modifier: 100%
[02:36:13] [Server thread/INFO]: Potato Growth Modifier: 100%
[02:36:13] [Server thread/INFO]: Wheat Growth Modifier: 100%
[02:36:13] [Server thread/INFO]: NetherWart Growth Modifier: 100%
[02:36:13] [Server thread/INFO]: Vine Growth Modifier: 100%
[02:36:13] [Server thread/INFO]: Cocoa Growth Modifier: 100%
[02:36:13] [Server thread/INFO]: Bamboo Growth Modifier: 100%
[02:36:13] [Server thread/INFO]: SweetBerry Growth Modifier: 100%
[02:36:13] [Server thread/INFO]: Kelp Growth Modifier: 100%
[02:36:13] [Server thread/INFO]: TwistingVines Growth Modifier: 100%
[02:36:13] [Server thread/INFO]: WeepingVines Growth Modifier: 100%
[02:36:13] [Server thread/INFO]: CaveVines Growth Modifier: 100%
[02:36:13] [Server thread/INFO]: Hopper Transfer: 8 Hopper Check: 1 Hopper Amount: 1 Hopper Can Load Chunks: false
[02:36:13] [Server thread/INFO]: Entity Activation Range: An 32 / Mo 32 / Ra 48 / Mi 16 / Tiv true / Isa false
[02:36:13] [Server thread/INFO]: Entity Tracking Range: Pl 48 / An 48 / Mo 48 / Mi 32 / Di 128 / Other 64
[02:36:13] [Server thread/INFO]: Custom Map Seeds:  Village: 10387312 Desert: 14357617 Igloo: 14357618 Jungle: 14357619 Swamp: 14357620 Monument: 10387313 Ocean: 14357621 Shipwreck: 165745295 End City: 10387313 Slime: 987234911 Nether: 30084232 Mansion: 10387319 Fossil: 14357921 Portal: 34222645
[02:36:13] [Server thread/INFO]: Max TNT Explosions: 100
[02:36:13] [Server thread/INFO]: Tile Max Tick Time: 50ms Entity max Tick Time: 50ms
[02:36:13] [Server thread/INFO]: Allow Zombie Pigmen to spawn from portal blocks: true
[02:36:13] [Server thread/INFO]: Nerfing mobs spawned from spawners: false
[02:36:13] [Server thread/INFO]: Item Merge Radius: 2.5
[02:36:13] [Server thread/INFO]: Item Despawn Rate: 6000
[02:36:13] [Server thread/INFO]: Simulation Distance: 10
[02:36:13] [Server thread/INFO]: View Distance: 10
[02:36:13] [Server thread/INFO]: Arrow Despawn Rate: 1200 Trident Respawn Rate:1200
[02:36:13] [Server thread/INFO]: Zombie Aggressive Towards Villager: true
[02:36:13] [Server thread/INFO]: -------- World Settings For [world_nether] --------
[02:36:13] [Server thread/INFO]: Experience Merge Radius: 3.0
[02:36:13] [Server thread/INFO]: Mob Spawn Range: 6
[02:36:13] [Server thread/INFO]: Cactus Growth Modifier: 100%
[02:36:13] [Server thread/INFO]: Cane Growth Modifier: 100%
[02:36:13] [Server thread/INFO]: Melon Growth Modifier: 100%
[02:36:13] [Server thread/INFO]: Mushroom Growth Modifier: 100%
[02:36:13] [Server thread/INFO]: Pumpkin Growth Modifier: 100%
[02:36:13] [Server thread/INFO]: Sapling Growth Modifier: 100%
[02:36:13] [Server thread/INFO]: Beetroot Growth Modifier: 100%
[02:36:13] [Server thread/INFO]: Carrot Growth Modifier: 100%
[02:36:13] [Server thread/INFO]: Potato Growth Modifier: 100%
[02:36:13] [Server thread/INFO]: Wheat Growth Modifier: 100%
[02:36:13] [Server thread/INFO]: NetherWart Growth Modifier: 100%
[02:36:13] [Server thread/INFO]: Vine Growth Modifier: 100%
[02:36:13] [Server thread/INFO]: Cocoa Growth Modifier: 100%
[02:36:13] [Server thread/INFO]: Bamboo Growth Modifier: 100%
[02:36:13] [Server thread/INFO]: SweetBerry Growth Modifier: 100%
[02:36:13] [Server thread/INFO]: Kelp Growth Modifier: 100%
[02:36:13] [Server thread/INFO]: TwistingVines Growth Modifier: 100%
[02:36:13] [Server thread/INFO]: WeepingVines Growth Modifier: 100%
[02:36:13] [Server thread/INFO]: CaveVines Growth Modifier: 100%
[02:36:13] [Server thread/INFO]: Hopper Transfer: 8 Hopper Check: 1 Hopper Amount: 1 Hopper Can Load Chunks: false
[02:36:13] [Server thread/INFO]: Entity Activation Range: An 32 / Mo 32 / Ra 48 / Mi 16 / Tiv true / Isa false
[02:36:13] [Server thread/INFO]: Entity Tracking Range: Pl 48 / An 48 / Mo 48 / Mi 32 / Di 128 / Other 64
[02:36:13] [Server thread/INFO]: Custom Map Seeds:  Village: 10387312 Desert: 14357617 Igloo: 14357618 Jungle: 14357619 Swamp: 14357620 Monument: 10387313 Ocean: 14357621 Shipwreck: 165745295 End City: 10387313 Slime: 987234911 Nether: 30084232 Mansion: 10387319 Fossil: 14357921 Portal: 34222645
[02:36:13] [Server thread/INFO]: Max TNT Explosions: 100
[02:36:13] [Server thread/INFO]: Tile Max Tick Time: 50ms Entity max Tick Time: 50ms
[02:36:13] [Server thread/INFO]: Allow Zombie Pigmen to spawn from portal blocks: true
[02:36:13] [Server thread/INFO]: Nerfing mobs spawned from spawners: false
[02:36:13] [Server thread/INFO]: Item Merge Radius: 2.5
[02:36:13] [Server thread/INFO]: Item Despawn Rate: 6000
[02:36:13] [Server thread/INFO]: Simulation Distance: 10
[02:36:13] [Server thread/INFO]: View Distance: 10
[02:36:13] [Server thread/INFO]: Arrow Despawn Rate: 1200 Trident Respawn Rate:1200
[02:36:13] [Server thread/INFO]: Zombie Aggressive Towards Villager: true
[02:36:14] [Server thread/INFO]: -------- World Settings For [world_the_end] --------
[02:36:14] [Server thread/INFO]: Experience Merge Radius: 3.0
[02:36:14] [Server thread/INFO]: Mob Spawn Range: 6
[02:36:14] [Server thread/INFO]: Cactus Growth Modifier: 100%
[02:36:14] [Server thread/INFO]: Cane Growth Modifier: 100%
[02:36:14] [Server thread/INFO]: Melon Growth Modifier: 100%
[02:36:14] [Server thread/INFO]: Mushroom Growth Modifier: 100%
[02:36:14] [Server thread/INFO]: Pumpkin Growth Modifier: 100%
[02:36:14] [Server thread/INFO]: Sapling Growth Modifier: 100%
[02:36:14] [Server thread/INFO]: Beetroot Growth Modifier: 100%
[02:36:14] [Server thread/INFO]: Carrot Growth Modifier: 100%
[02:36:14] [Server thread/INFO]: Potato Growth Modifier: 100%
[02:36:14] [Server thread/INFO]: Wheat Growth Modifier: 100%
[02:36:14] [Server thread/INFO]: NetherWart Growth Modifier: 100%
[02:36:14] [Server thread/INFO]: Vine Growth Modifier: 100%
[02:36:14] [Server thread/INFO]: Cocoa Growth Modifier: 100%
[02:36:14] [Server thread/INFO]: Bamboo Growth Modifier: 100%
[02:36:14] [Server thread/INFO]: SweetBerry Growth Modifier: 100%
[02:36:14] [Server thread/INFO]: Kelp Growth Modifier: 100%
[02:36:14] [Server thread/INFO]: TwistingVines Growth Modifier: 100%
[02:36:14] [Server thread/INFO]: WeepingVines Growth Modifier: 100%
[02:36:14] [Server thread/INFO]: CaveVines Growth Modifier: 100%
[02:36:14] [Server thread/INFO]: Hopper Transfer: 8 Hopper Check: 1 Hopper Amount: 1 Hopper Can Load Chunks: false
[02:36:14] [Server thread/INFO]: Entity Activation Range: An 32 / Mo 32 / Ra 48 / Mi 16 / Tiv true / Isa false
[02:36:14] [Server thread/INFO]: Entity Tracking Range: Pl 48 / An 48 / Mo 48 / Mi 32 / Di 128 / Other 64
[02:36:14] [Server thread/INFO]: Custom Map Seeds:  Village: 10387312 Desert: 14357617 Igloo: 14357618 Jungle: 14357619 Swamp: 14357620 Monument: 10387313 Ocean: 14357621 Shipwreck: 165745295 End City: 10387313 Slime: 987234911 Nether: 30084232 Mansion: 10387319 Fossil: 14357921 Portal: 34222645
[02:36:14] [Server thread/INFO]: Max TNT Explosions: 100
[02:36:14] [Server thread/INFO]: Tile Max Tick Time: 50ms Entity max Tick Time: 50ms
[02:36:14] [Server thread/INFO]: Allow Zombie Pigmen to spawn from portal blocks: true
[02:36:14] [Server thread/INFO]: Nerfing mobs spawned from spawners: false
[02:36:14] [Server thread/INFO]: Item Merge Radius: 2.5
[02:36:14] [Server thread/INFO]: Item Despawn Rate: 6000
[02:36:14] [Server thread/INFO]: Simulation Distance: 10
[02:36:14] [Server thread/INFO]: View Distance: 10
[02:36:14] [Server thread/INFO]: Arrow Despawn Rate: 1200 Trident Respawn Rate:1200
[02:36:14] [Server thread/INFO]: Zombie Aggressive Towards Villager: true
[02:36:14] [Server thread/INFO]: Preparing start region for dimension minecraft:overworld
[02:36:15] [Worker-Main-10/INFO]: Preparing spawn area: 0%
[02:36:15] [Worker-Main-10/INFO]: Preparing spawn area: 0%
[02:36:15] [Worker-Main-10/INFO]: Preparing spawn area: 0%
[02:36:15] [Worker-Main-20/INFO]: Preparing spawn area: 32%
[02:36:15] [Server thread/INFO]: Time elapsed: 1722 ms
[02:36:15] [Server thread/INFO]: Preparing start region for dimension minecraft:the_nether
[02:36:16] [Worker-Main-1/INFO]: Preparing spawn area: 0%
[02:36:16] [Worker-Main-23/INFO]: Preparing spawn area: 0%
[02:36:16] [Worker-Main-20/INFO]: Preparing spawn area: 0%
[02:36:17] [Server thread/INFO]: Time elapsed: 1452 ms
[02:36:17] [Server thread/INFO]: Preparing start region for dimension minecraft:the_end
[02:36:17] [Worker-Main-17/INFO]: Preparing spawn area: 0%
[02:36:17] [Worker-Main-8/INFO]: Preparing spawn area: 0%
[02:36:18] [Worker-Main-19/INFO]: Preparing spawn area: 59%
[02:36:18] [Server thread/INFO]: Time elapsed: 1108 ms
[02:36:18] [Server thread/INFO]: [DissolvedTest] Enabling DissolvedTest v1.0.0-SNAPSHOT
[02:36:18] [Server thread/INFO]: 1.20.2-R0.1-SNAPSHOT, DissolvedTest Enabled.
[02:36:18] [Server thread/INFO]: Server permissions file permissions.yml is empty, ignoring it
[02:36:18] [Server thread/INFO]: Done (4.776s)! For help, type "help"
[03:19:46] [Thread-10/INFO]: Stopping server
[03:19:46] [Thread-10/INFO]: [DissolvedTest] Disabling DissolvedTest v1.0.0-SNAPSHOT
Villager: true
[02:36:14] [TerminalConsoleWriter/INFO]: [02:36:14] [Server thread/INFO]: -------- World Settings For [world_the_end] --------
[02:36:14] [TerminalConsoleWriter/INFO]: [02:36:14] [Server thread/INFO]: Experience Merge Radius: 3.0
[02:36:14] [TerminalConsoleWriter/INFO]: [02:36:14] [Server thread/INFO]: Mob Spawn Range: 6
[02:36:14] [TerminalConsoleWriter/INFO]: [02:36:14] [Server thread/INFO]: Cactus Growth Modifier: 100%
[02:36:14] [TerminalConsoleWriter/INFO]: [02:36:14] [Server thread/INFO]: Cane Growth Modifier: 100%
[02:36:14] [TerminalConsoleWriter/INFO]: [02:36:14] [Server thread/INFO]: Melon Growth Modifier: 100%
[02:36:14] [TerminalConsoleWriter/INFO]: [02:36:14] [Server thread/INFO]: Mushroom Growth Modifier: 100%
[02:36:14] [TerminalConsoleWriter/INFO]: [02:36:14] [Server thread/INFO]: Pumpkin Growth Modifier: 100%
[02:36:14] [TerminalConsoleWriter/INFO]: [02:36:14] [Server thread/INFO]: Sapling Growth Modifier: 100%
[02:36:14] [TerminalConsoleWriter/INFO]: [02:36:14] [Server thread/INFO]: Beetroot Growth Modifier: 100%
[02:36:14] [TerminalConsoleWriter/INFO]: [02:36:14] [Server thread/INFO]: Carrot Growth Modifier: 100%
[02:36:14] [TerminalConsoleWriter/INFO]: [02:36:14] [Server thread/INFO]: Potato Growth Modifier: 100%
[02:36:14] [TerminalConsoleWriter/INFO]: [02:36:14] [Server thread/INFO]: Wheat Growth Modifier: 100%
[02:36:14] [TerminalConsoleWriter/INFO]: [02:36:14] [Server thread/INFO]: NetherWart Growth Modifier: 100%
[02:36:14] [TerminalConsoleWriter/INFO]: [02:36:14] [Server thread/INFO]: Vine Growth Modifier: 100%
[02:36:14] [TerminalConsoleWriter/INFO]: [02:36:14] [Server thread/INFO]: Cocoa Growth Modifier: 100%
[02:36:14] [TerminalConsoleWriter/INFO]: [02:36:14] [Server thread/INFO]: Bamboo Growth Modifier: 100%
[02:36:14] [TerminalConsoleWriter/INFO]: [02:36:14] [Server thread/INFO]: SweetBerry Growth Modifier: 100%
[02:36:14] [TerminalConsoleWriter/INFO]: [02:36:14] [Server thread/INFO]: Kelp Growth Modifier: 100%
[02:36:14] [TerminalConsoleWriter/INFO]: [02:36:14] [Server thread/INFO]: TwistingVines Growth Modifier: 100%
[02:36:14] [TerminalConsoleWriter/INFO]: [02:36:14] [Server thread/INFO]: WeepingVines Growth Modifier: 100%
[02:36:14] [TerminalConsoleWriter/INFO]: [02:36:14] [Server thread/INFO]: CaveVines Growth Modifier: 100%
[02:36:14] [TerminalConsoleWriter/INFO]: [02:36:14] [Server thread/INFO]: Hopper Transfer: 8 Hopper Check: 1 Hopper Amount: 1 Hopper Can Load Chunks: false
[02:36:14] [TerminalConsoleWriter/INFO]: [02:36:14] [Server thread/INFO]: Entity Activation Range: An 32 / Mo 32 / Ra 48 / Mi 16 / Tiv true / Isa false
[02:36:14] [TerminalConsoleWriter/INFO]: [02:36:14] [Server thread/INFO]: Entity Tracking Range: Pl 48 / An 48 / Mo 48 / Mi 32 / Di 128 / Other 64
[02:36:14] [TerminalConsoleWriter/INFO]: [02:36:14] [Server thread/INFO]: Custom Map Seeds:  Village: 10387312 Desert: 14357617 Igloo: 14357618 Jungle: 14357619 Swamp: 14357620 Monument: 10387313 Ocean: 14357621 Shipwreck: 165745295 End City: 10387313 Slime: 987234911 Nether: 30084232 Mansion: 10387319 Fossil: 14357921 Portal: 34222645
[02:36:14] [TerminalConsoleWriter/INFO]: [02:36:14] [Server thread/INFO]: Max TNT Explosions: 100
[02:36:14] [TerminalConsoleWriter/INFO]: [02:36:14] [Server thread/INFO]: Tile Max Tick Time: 50ms Entity max Tick Time: 50ms
[02:36:14] [TerminalConsoleWriter/INFO]: [02:36:14] [Server thread/INFO]: Allow Zombie Pigmen to spawn from portal blocks: true
[02:36:14] [TerminalConsoleWriter/INFO]: [02:36:14] [Server thread/INFO]: Nerfing mobs spawned from spawners: false
[02:36:14] [TerminalConsoleWriter/INFO]: [02:36:14] [Server thread/INFO]: Item Merge Radius: 2.5
[02:36:14] [TerminalConsoleWriter/INFO]: [02:36:14] [Server thread/INFO]: Item Despawn Rate: 6000
[02:36:14] [TerminalConsoleWriter/INFO]: [02:36:14] [Server thread/INFO]: Simulation Distance: 10
[02:36:14] [TerminalConsoleWriter/INFO]: [02:36:14] [Server thread/INFO]: View Distance: 10
[02:36:14] [TerminalConsoleWriter/INFO]: [02:36:14] [Server thread/INFO]: Arrow Despawn Rate: 1200 Trident Respawn Rate:1200
[02:36:14] [TerminalConsoleWriter/INFO]: [02:36:14] [Server thread/INFO]: Zombie Aggressive Towards Villager: true
[02:36:14] [TerminalConsoleWriter/INFO]: [02:36:14] [Server thread/INFO]: Preparing start region for dimension minecraft:overworld
[02:36:15] [TerminalConsoleWriter/INFO]: [02:36:15] [Worker-Main-10/INFO]: Preparing spawn area: 0%
[02:36:15] [TerminalConsoleWriter/INFO]: [02:36:15] [Worker-Main-10/INFO]: Preparing spawn area: 0%
[02:36:15] [TerminalConsoleWriter/INFO]: [02:36:15] [Worker-Main-10/INFO]: Preparing spawn area: 0%
[02:36:15] [TerminalConsoleWriter/INFO]: [02:36:15] [Worker-Main-20/INFO]: Preparing spawn area: 32%
[02:36:15] [TerminalConsoleWriter/INFO]: [02:36:15] [Server thread/INFO]: Time elapsed: 1722 ms
[02:36:15] [TerminalConsoleWriter/INFO]: [02:36:15] [Server thread/INFO]: Preparing start region for dimension minecraft:the_nether
[02:36:16] [TerminalConsoleWriter/INFO]: [02:36:16] [Worker-Main-1/INFO]: Preparing spawn area: 0%
[02:36:16] [TerminalConsoleWriter/INFO]: [02:36:16] [Worker-Main-23/INFO]: Preparing spawn area: 0%
[02:36:16] [TerminalConsoleWriter/INFO]: [02:36:16] [Worker-Main-20/INFO]: Preparing spawn area: 0%
[02:36:17] [TerminalConsoleWriter/INFO]: [02:36:17] [Server thread/INFO]: Time elapsed: 1452 ms
[02:36:17] [TerminalConsoleWriter/INFO]: [02:36:17] [Server thread/INFO]: Preparing start region for dimension minecraft:the_end
[02:36:17] [TerminalConsoleWriter/INFO]: [02:36:17] [Worker-Main-17/INFO]: Preparing spawn area: 0%
[02:36:17] [TerminalConsoleWriter/INFO]: [02:36:17] [Worker-Main-8/INFO]: Preparing spawn area: 0%
[02:36:18] [TerminalConsoleWriter/INFO]: [02:36:18] [Worker-Main-19/INFO]: Preparing spawn area: 59%
[02:36:18] [TerminalConsoleWriter/INFO]: [02:36:18] [Server thread/INFO]: Time elapsed: 1108 ms
[02:36:18] [TerminalConsoleWriter/INFO]: [02:36:18] [Server thread/INFO]: [DissolvedTest] Enabling DissolvedTest v1.0.0-SNAPSHOT
[02:36:18] [TerminalConsoleWriter/INFO]: [02:36:18] [Server thread/INFO]: 1.20.2-R0.1-SNAPSHOT, DissolvedTest Enabled.
[02:36:18] [TerminalConsoleWriter/INFO]: [02:36:18] [Server thread/INFO]: Server permissions file permissions.yml is empty, ignoring it
[02:36:18] [TerminalConsoleWriter/INFO]: [02:36:18] [Server thread/INFO]: Done (4.776s)! For help, type "help"
[03:19:46] [TerminalConsoleWriter/INFO]: [03:19:46] [Thread-10/INFO]: Stopping server
[03:19:46] [TerminalConsoleWriter/INFO]: [03:19:46] [Thread-10/INFO]: [DissolvedTest] Disabling DissolvedTest v1.0.0-SNAPSHOT
